  TestBasic.cpp
C:\Users\an4211\source\repos\AvanceradUppg3\AvanceradUppg3\SharedPtr.hpp(71,7): error C2064: term does not evaluate to a function taking 0 arguments
C:\Users\an4211\source\repos\AvanceradUppg3\AvanceradUppg3\SharedPtr.hpp(71,21): error C2064: term does not evaluate to a function taking 0 arguments
